This is pdfTeX, Version 3.141592653-2.6-1.40.27 (TeX Live 2025/Homebrew) (preloaded format=pdflatex 2025.3.15)  15 NOV 2025 17:16
entering extended mode
 restricted \write18 enabled.
 file:line:error style messages enabled.
 %&-line parsing enabled.
**/Users/tomaspinausig/Desktop/f3/tp4_f3/TP_INFORME/tp4_informe.tex
(/Users/tomaspinausig/Desktop/f3/tp4_f3/TP_INFORME/tp4_informe.tex
LaTeX2e <2024-11-01> patch level 2
L3 programming layer <2025-01-18>
(/opt/homebrew/Cellar/texlive/20250308_1/share/texmf-dist/tex/latex/base/article.cls
Document Class: article 2024/06/29 v1.4n Standard LaTeX document class
(/opt/homebrew/Cellar/texlive/20250308_1/share/texmf-dist/tex/latex/base/size12.clo
File: size12.clo 2024/06/29 v1.4n Standard LaTeX file (size option)
)
\c@part=\count196
\c@section=\count197
\c@subsection=\count198
\c@subsubsection=\count199
\c@paragraph=\count266
\c@subparagraph=\count267
\c@figure=\count268
\c@table=\count269
\abovecaptionskip=\skip49
\belowcaptionskip=\skip50
\bibindent=\dimen141
) (/opt/homebrew/Cellar/texlive/20250308_1/share/texmf-dist/tex/latex/base/inputenc.sty
Package: inputenc 2024/02/08 v1.3d Input encoding file
\inpenc@prehook=\toks17
\inpenc@posthook=\toks18
) (/opt/homebrew/Cellar/texlive/20250308_1/share/texmf-dist/tex/generic/babel/babel.sty
Package: babel 2025/02/14 v25.4 The multilingual framework for pdfLaTeX, LuaLaTeX and XeLaTeX
\babel@savecnt=\count270
\U@D=\dimen142
\l@unhyphenated=\language90
 (/opt/homebrew/Cellar/texlive/20250308_1/share/texmf-dist/tex/generic/babel/txtbabel.def)
\bbl@readstream=\read2
\bbl@dirlevel=\count271
 (/opt/homebrew/Cellar/texlive/20250308_1/share/texmf-dist/tex/generic/babel-spanish/spanish.ldf
Language: spanish.ldf 2021/05/27 v5.0q Spanish support from the babel system
\es@quottoks=\toks19
\es@quotdepth=\count272
Package babel Info: Making " an active character on input line 570.
Package babel Info: Making . an active character on input line 675.
Package babel Info: Making < an active character on input line 722.
Package babel Info: Making > an active character on input line 722.
)) (/opt/homebrew/Cellar/texlive/20250308_1/share/texmf-dist/tex/generic/babel/locale/es/babel-spanish.tex
Package babel Info: Importing font and identification data for spanish
(babel)             from babel-es.ini. Reported on input line 11.
) (/opt/homebrew/Cellar/texlive/20250308_1/share/texmf-dist/tex/latex/amsmath/amsmath.sty
Package: amsmath 2024/11/05 v2.17t AMS math features
\@mathmargin=\skip51

For additional information on amsmath, use the `?' option.
(/opt/homebrew/Cellar/texlive/20250308_1/share/texmf-dist/tex/latex/amsmath/amstext.sty
Package: amstext 2021/08/26 v2.01 AMS text
 (/opt/homebrew/Cellar/texlive/20250308_1/share/texmf-dist/tex/latex/amsmath/amsgen.sty
File: amsgen.sty 1999/11/30 v2.0 generic functions
\@emptytoks=\toks20
\ex@=\dimen143
)) (/opt/homebrew/Cellar/texlive/20250308_1/share/texmf-dist/tex/latex/amsmath/amsbsy.sty
Package: amsbsy 1999/11/29 v1.2d Bold Symbols
\pmbraise@=\dimen144
) (/opt/homebrew/Cellar/texlive/20250308_1/share/texmf-dist/tex/latex/amsmath/amsopn.sty
Package: amsopn 2022/04/08 v2.04 operator names
)
\inf@bad=\count273
LaTeX Info: Redefining \frac on input line 233.
\uproot@=\count274
\leftroot@=\count275
LaTeX Info: Redefining \overline on input line 398.
LaTeX Info: Redefining \colon on input line 409.
\classnum@=\count276
\DOTSCASE@=\count277
LaTeX Info: Redefining \ldots on input line 495.
LaTeX Info: Redefining \dots on input line 498.
LaTeX Info: Redefining \cdots on input line 619.
\Mathstrutbox@=\box52
\strutbox@=\box53
LaTeX Info: Redefining \big on input line 721.
LaTeX Info: Redefining \Big on input line 722.
LaTeX Info: Redefining \bigg on input line 723.
LaTeX Info: Redefining \Bigg on input line 724.
\big@size=\dimen145
LaTeX Font Info:    Redeclaring font encoding OML on input line 742.
LaTeX Font Info:    Redeclaring font encoding OMS on input line 743.
\macc@depth=\count278
LaTeX Info: Redefining \bmod on input line 904.
LaTeX Info: Redefining \pmod on input line 909.
LaTeX Info: Redefining \smash on input line 939.
LaTeX Info: Redefining \relbar on input line 969.
LaTeX Info: Redefining \Relbar on input line 970.
\c@MaxMatrixCols=\count279
\dotsspace@=\muskip17
\c@parentequation=\count280
\dspbrk@lvl=\count281
\tag@help=\toks21
\row@=\count282
\column@=\count283
\maxfields@=\count284
\andhelp@=\toks22
\eqnshift@=\dimen146
\alignsep@=\dimen147
\tagshift@=\dimen148
\tagwidth@=\dimen149
\totwidth@=\dimen150
\lineht@=\dimen151
\@envbody=\toks23
\multlinegap=\skip52
\multlinetaggap=\skip53
\mathdisplay@stack=\toks24
LaTeX Info: Redefining \[ on input line 2953.
LaTeX Info: Redefining \] on input line 2954.
) (/opt/homebrew/Cellar/texlive/20250308_1/share/texmf-dist/tex/latex/amsfonts/amssymb.sty
Package: amssymb 2013/01/14 v3.01 AMS font symbols
 (/opt/homebrew/Cellar/texlive/20250308_1/share/texmf-dist/tex/latex/amsfonts/amsfonts.sty
Package: amsfonts 2013/01/14 v3.01 Basic AMSFonts support
\symAMSa=\mathgroup4
\symAMSb=\mathgroup5
LaTeX Font Info:    Redeclaring math symbol \hbar on input line 98.
LaTeX Font Info:    Overwriting math alphabet `\mathfrak' in version `bold'
(Font)                  U/euf/m/n --> U/euf/b/n on input line 106.
)) (/opt/homebrew/Cellar/texlive/20250308_1/share/texmf-dist/tex/latex/graphics/graphicx.sty
Package: graphicx 2021/09/16 v1.2d Enhanced LaTeX Graphics (DPC,SPQR)
 (/opt/homebrew/Cellar/texlive/20250308_1/share/texmf-dist/tex/latex/graphics/keyval.sty
Package: keyval 2022/05/29 v1.15 key=value parser (DPC)
\KV@toks@=\toks25
) (/opt/homebrew/Cellar/texlive/20250308_1/share/texmf-dist/tex/latex/graphics/graphics.sty
Package: graphics 2024/08/06 v1.4g Standard LaTeX Graphics (DPC,SPQR)
 (/opt/homebrew/Cellar/texlive/20250308_1/share/texmf-dist/tex/latex/graphics/trig.sty
Package: trig 2023/12/02 v1.11 sin cos tan (DPC)
) (/opt/homebrew/Cellar/texlive/20250308_1/share/texmf-dist/tex/latex/graphics-cfg/graphics.cfg
File: graphics.cfg 2016/06/04 v1.11 sample graphics configuration
)
Package graphics Info: Driver file: pdftex.def on input line 106.
 (/opt/homebrew/Cellar/texlive/20250308_1/share/texmf-dist/tex/latex/graphics-def/pdftex.def
File: pdftex.def 2024/04/13 v1.2c Graphics/color driver for pdftex
))
\Gin@req@height=\dimen152
\Gin@req@width=\dimen153
) (/opt/homebrew/Cellar/texlive/20250308_1/share/texmf-dist/tex/latex/geometry/geometry.sty
Package: geometry 2020/01/02 v5.9 Page Geometry
 (/opt/homebrew/Cellar/texlive/20250308_1/share/texmf-dist/tex/generic/iftex/ifvtex.sty
Package: ifvtex 2019/10/25 v1.7 ifvtex legacy package. Use iftex instead.
 (/opt/homebrew/Cellar/texlive/20250308_1/share/texmf-dist/tex/generic/iftex/iftex.sty
Package: iftex 2024/12/12 v1.0g TeX engine tests
))
\Gm@cnth=\count285
\Gm@cntv=\count286
\c@Gm@tempcnt=\count287
\Gm@bindingoffset=\dimen154
\Gm@wd@mp=\dimen155
\Gm@odd@mp=\dimen156
\Gm@even@mp=\dimen157
\Gm@layoutwidth=\dimen158
\Gm@layoutheight=\dimen159
\Gm@layouthoffset=\dimen160
\Gm@layoutvoffset=\dimen161
\Gm@dimlist=\toks26
) (/opt/homebrew/Cellar/texlive/20250308_1/share/texmf-dist/tex/latex/booktabs/booktabs.sty
Package: booktabs 2020/01/12 v1.61803398 Publication quality tables
\heavyrulewidth=\dimen162
\lightrulewidth=\dimen163
\cmidrulewidth=\dimen164
\belowrulesep=\dimen165
\belowbottomsep=\dimen166
\aboverulesep=\dimen167
\abovetopsep=\dimen168
\cmidrulesep=\dimen169
\cmidrulekern=\dimen170
\defaultaddspace=\dimen171
\@cmidla=\count288
\@cmidlb=\count289
\@aboverulesep=\dimen172
\@belowrulesep=\dimen173
\@thisruleclass=\count290
\@lastruleclass=\count291
\@thisrulewidth=\dimen174
) (/opt/homebrew/Cellar/texlive/20250308_1/share/texmf-dist/tex/latex/siunitx/siunitx.sty
Package: siunitx 2025-02-27 v3.4.6 A comprehensive (SI) units package
\l__siunitx_number_uncert_offset_int=\count292
\l__siunitx_number_exponent_fixed_int=\count293
\l__siunitx_number_min_decimal_int=\count294
\l__siunitx_number_min_integer_int=\count295
\l__siunitx_number_round_precision_int=\count296
\l__siunitx_number_lower_threshold_int=\count297
\l__siunitx_number_upper_threshold_int=\count298
\l__siunitx_number_group_first_int=\count299
\l__siunitx_number_group_size_int=\count300
\l__siunitx_number_group_minimum_int=\count301
\l__siunitx_angle_tmp_dim=\dimen175
\l__siunitx_angle_marker_box=\box54
\l__siunitx_angle_unit_box=\box55
\l__siunitx_compound_count_int=\count302
 (/opt/homebrew/Cellar/texlive/20250308_1/share/texmf-dist/tex/latex/translations/translations.sty
Package: translations 2022/02/05 v1.12 internationalization of LaTeX2e packages (CN)
 (/opt/homebrew/Cellar/texlive/20250308_1/share/texmf-dist/tex/latex/etoolbox/etoolbox.sty
Package: etoolbox 2025/02/11 v2.5l e-TeX tools for LaTeX (JAW)
\etb@tempcnta=\count303
) (/opt/homebrew/Cellar/texlive/20250308_1/share/texmf-dist/tex/generic/pdftexcmds/pdftexcmds.sty
Package: pdftexcmds 2020-06-27 v0.33 Utility functions of pdfTeX for LuaTeX (HO)
 (/opt/homebrew/Cellar/texlive/20250308_1/share/texmf-dist/tex/generic/infwarerr/infwarerr.sty
Package: infwarerr 2019/12/03 v1.5 Providing info/warning/error messages (HO)
) (/opt/homebrew/Cellar/texlive/20250308_1/share/texmf-dist/tex/generic/ltxcmds/ltxcmds.sty
Package: ltxcmds 2023-12-04 v1.26 LaTeX kernel commands for general use (HO)
)
Package pdftexcmds Info: \pdf@primitive is available.
Package pdftexcmds Info: \pdf@ifprimitive is available.
Package pdftexcmds Info: \pdfdraftmode found.
))
\l__siunitx_table_tmp_box=\box56
\l__siunitx_table_tmp_dim=\dimen176
\l__siunitx_table_column_width_dim=\dimen177
\l__siunitx_table_integer_box=\box57
\l__siunitx_table_decimal_box=\box58
\l__siunitx_table_uncert_box=\box59
\l__siunitx_table_before_box=\box60
\l__siunitx_table_after_box=\box61
\l__siunitx_table_before_dim=\dimen178
\l__siunitx_table_carry_dim=\dimen179
\l__siunitx_unit_tmp_int=\count304
\l__siunitx_unit_position_int=\count305
\l__siunitx_unit_total_int=\count306
 (/opt/homebrew/Cellar/texlive/20250308_1/share/texmf-dist/tex/latex/tools/array.sty
Package: array 2024/10/17 v2.6g Tabular extension package (FMi)
\col@sep=\dimen180
\ar@mcellbox=\box62
\extrarowheight=\dimen181
\NC@list=\toks27
\extratabsurround=\skip54
\backup@length=\skip55
\ar@cellbox=\box63
)) (/opt/homebrew/Cellar/texlive/20250308_1/share/texmf-dist/tex/latex/enumitem/enumitem.sty
Package: enumitem 2025/02/06 v3.11 Customized lists
\labelindent=\skip56
\enit@outerparindent=\dimen182
\enit@toks=\toks28
\enit@inbox=\box64
\enit@count@id=\count307
\enitdp@description=\count308
) (/opt/homebrew/Cellar/texlive/20250308_1/share/texmf-dist/tex/latex/base/fontenc.sty
Package: fontenc 2021/04/29 v2.0v Standard LaTeX package
) (/opt/homebrew/Cellar/texlive/20250308_1/share/texmf-dist/tex/latex/lm/lmodern.sty
Package: lmodern 2015/05/01 v1.6.1 Latin Modern Fonts
LaTeX Font Info:    Overwriting symbol font `operators' in version `normal'
(Font)                  OT1/cmr/m/n --> OT1/lmr/m/n on input line 22.
LaTeX Font Info:    Overwriting symbol font `letters' in version `normal'
(Font)                  OML/cmm/m/it --> OML/lmm/m/it on input line 23.
LaTeX Font Info:    Overwriting symbol font `symbols' in version `normal'
(Font)                  OMS/cmsy/m/n --> OMS/lmsy/m/n on input line 24.
LaTeX Font Info:    Overwriting symbol font `largesymbols' in version `normal'
(Font)                  OMX/cmex/m/n --> OMX/lmex/m/n on input line 25.
LaTeX Font Info:    Overwriting symbol font `operators' in version `bold'
(Font)                  OT1/cmr/bx/n --> OT1/lmr/bx/n on input line 26.
LaTeX Font Info:    Overwriting symbol font `letters' in version `bold'
(Font)                  OML/cmm/b/it --> OML/lmm/b/it on input line 27.
LaTeX Font Info:    Overwriting symbol font `symbols' in version `bold'
(Font)                  OMS/cmsy/b/n --> OMS/lmsy/b/n on input line 28.
LaTeX Font Info:    Overwriting symbol font `largesymbols' in version `bold'
(Font)                  OMX/cmex/m/n --> OMX/lmex/m/n on input line 29.
LaTeX Font Info:    Overwriting math alphabet `\mathbf' in version `normal'
(Font)                  OT1/cmr/bx/n --> OT1/lmr/bx/n on input line 31.
LaTeX Font Info:    Overwriting math alphabet `\mathsf' in version `normal'
(Font)                  OT1/cmss/m/n --> OT1/lmss/m/n on input line 32.
LaTeX Font Info:    Overwriting math alphabet `\mathit' in version `normal'
(Font)                  OT1/cmr/m/it --> OT1/lmr/m/it on input line 33.
LaTeX Font Info:    Overwriting math alphabet `\mathtt' in version `normal'
(Font)                  OT1/cmtt/m/n --> OT1/lmtt/m/n on input line 34.
LaTeX Font Info:    Overwriting math alphabet `\mathbf' in version `bold'
(Font)                  OT1/cmr/bx/n --> OT1/lmr/bx/n on input line 35.
LaTeX Font Info:    Overwriting math alphabet `\mathsf' in version `bold'
(Font)                  OT1/cmss/bx/n --> OT1/lmss/bx/n on input line 36.
LaTeX Font Info:    Overwriting math alphabet `\mathit' in version `bold'
(Font)                  OT1/cmr/bx/it --> OT1/lmr/bx/it on input line 37.
LaTeX Font Info:    Overwriting math alphabet `\mathtt' in version `bold'
(Font)                  OT1/cmtt/m/n --> OT1/lmtt/m/n on input line 38.
) (/opt/homebrew/Cellar/texlive/20250308_1/share/texmf-dist/tex/latex/float/float.sty
Package: float 2001/11/08 v1.3d Float enhancements (AL)
\c@float@type=\count309
\float@exts=\toks29
\float@box=\box65
\@float@everytoks=\toks30
\@floatcapt=\box66
) (/opt/homebrew/Cellar/texlive/20250308_1/share/texmf-dist/tex/latex/tools/tabularx.sty
Package: tabularx 2023/12/11 v2.12a `tabularx' package (DPC)
\TX@col@width=\dimen183
\TX@old@table=\dimen184
\TX@old@col=\dimen185
\TX@target=\dimen186
\TX@delta=\dimen187
\TX@cols=\count310
\TX@ftn=\toks31
) (/opt/homebrew/Cellar/texlive/20250308_1/share/texmf-dist/tex/latex/graphics/color.sty
Package: color 2024/06/23 v1.3e Standard LaTeX Color (DPC)
 (/opt/homebrew/Cellar/texlive/20250308_1/share/texmf-dist/tex/latex/graphics-cfg/color.cfg
File: color.cfg 2016/01/02 v1.6 sample color configuration
)
Package color Info: Driver file: pdftex.def on input line 149.
 (/opt/homebrew/Cellar/texlive/20250308_1/share/texmf-dist/tex/latex/graphics/mathcolor.ltx))
LaTeX Font Info:    Trying to load font information for T1+lmr on input line 22.
 (/opt/homebrew/Cellar/texlive/20250308_1/share/texmf-dist/tex/latex/lm/t1lmr.fd
File: t1lmr.fd 2015/05/01 v1.6.1 Font defs for Latin Modern
) (/opt/homebrew/Cellar/texlive/20250308_1/share/texmf-dist/tex/latex/l3backend/l3backend-pdftex.def
File: l3backend-pdftex.def 2024-05-08 L3 backend support: PDF output (pdfTeX)
\l__color_backend_stack_int=\count311
\l__pdf_internal_box=\box67
) (./tp4_informe.aux)
\openout1 = `tp4_informe.aux'.

LaTeX Font Info:    Checking defaults for OML/cmm/m/it on input line 22.
LaTeX Font Info:    ... okay on input line 22.
LaTeX Font Info:    Checking defaults for OMS/cmsy/m/n on input line 22.
LaTeX Font Info:    ... okay on input line 22.
LaTeX Font Info:    Checking defaults for OT1/cmr/m/n on input line 22.
LaTeX Font Info:    ... okay on input line 22.
LaTeX Font Info:    Checking defaults for T1/cmr/m/n on input line 22.
LaTeX Font Info:    ... okay on input line 22.
LaTeX Font Info:    Checking defaults for TS1/cmr/m/n on input line 22.
LaTeX Font Info:    ... okay on input line 22.
LaTeX Font Info:    Checking defaults for OMX/cmex/m/n on input line 22.
LaTeX Font Info:    ... okay on input line 22.
LaTeX Font Info:    Checking defaults for U/cmr/m/n on input line 22.
LaTeX Font Info:    ... okay on input line 22.
LaTeX Info: Redefining \. on input line 22.
LaTeX Info: Redefining \% on input line 22.
 (/opt/homebrew/Cellar/texlive/20250308_1/share/texmf-dist/tex/context/base/mkii/supp-pdf.mkii
[Loading MPS to PDF converter (version 2006.09.02).]
\scratchcounter=\count312
\scratchdimen=\dimen188
\scratchbox=\box68
\nofMPsegments=\count313
\nofMParguments=\count314
\everyMPshowfont=\toks32
\MPscratchCnt=\count315
\MPscratchDim=\dimen189
\MPnumerator=\count316
\makeMPintoPDFobject=\count317
\everyMPtoPDFconversion=\toks33
) (/opt/homebrew/Cellar/texlive/20250308_1/share/texmf-dist/tex/latex/epstopdf-pkg/epstopdf-base.sty
Package: epstopdf-base 2020-01-24 v2.11 Base part for package epstopdf
Package epstopdf-base Info: Redefining graphics rule for `.eps' on input line 485.
 (/opt/homebrew/Cellar/texlive/20250308_1/share/texmf-dist/tex/latex/latexconfig/epstopdf-sys.cfg
File: epstopdf-sys.cfg 2010/07/13 v1.3 Configuration of (r)epstopdf for TeX Live
))
*geometry* driver: auto-detecting
*geometry* detected driver: pdftex
*geometry* verbose mode - [ preamble ] result:
* driver: pdftex
* paper: a4paper
* layout: <same size as paper>
* layoutoffset:(h,v)=(0.0pt,0.0pt)
* modes: 
* h-part:(L,W,R)=(71.13188pt, 455.24411pt, 71.13188pt)
* v-part:(T,H,B)=(71.13188pt, 702.78308pt, 71.13188pt)
* \paperwidth=597.50787pt
* \paperheight=845.04684pt
* \textwidth=455.24411pt
* \textheight=702.78308pt
* \oddsidemargin=-1.1381pt
* \evensidemargin=-1.1381pt
* \topmargin=-38.1381pt
* \headheight=12.0pt
* \headsep=25.0pt
* \topskip=12.0pt
* \footskip=30.0pt
* \marginparwidth=35.0pt
* \marginparsep=10.0pt
* \columnsep=10.0pt
* \skip\footins=10.8pt plus 4.0pt minus 2.0pt
* \hoffset=0.0pt
* \voffset=0.0pt
* \mag=1000
* \@twocolumnfalse
* \@twosidefalse
* \@mparswitchfalse
* \@reversemarginfalse
* (1in=72.27pt=25.4mm, 1cm=28.453pt)

(/opt/homebrew/Cellar/texlive/20250308_1/share/texmf-dist/tex/latex/translations/translations-basic-dictionary-spanish.trsl
File: translations-basic-dictionary-spanish.trsl (spanish translation file `translations-basic-dictionary')
)
Package translations Info: loading dictionary `translations-basic-dictionary' for `spanish'. on input line 22.
LaTeX Font Info:    Trying to load font information for TS1+lmr on input line 28.
 (/opt/homebrew/Cellar/texlive/20250308_1/share/texmf-dist/tex/latex/lm/ts1lmr.fd
File: ts1lmr.fd 2015/05/01 v1.6.1 Font defs for Latin Modern
)
LaTeX Font Info:    Trying to load font information for OT1+lmr on input line 32.
 (/opt/homebrew/Cellar/texlive/20250308_1/share/texmf-dist/tex/latex/lm/ot1lmr.fd
File: ot1lmr.fd 2015/05/01 v1.6.1 Font defs for Latin Modern
)
LaTeX Font Info:    Trying to load font information for OML+lmm on input line 32.
 (/opt/homebrew/Cellar/texlive/20250308_1/share/texmf-dist/tex/latex/lm/omllmm.fd
File: omllmm.fd 2015/05/01 v1.6.1 Font defs for Latin Modern
)
LaTeX Font Info:    Trying to load font information for OMS+lmsy on input line 32.
 (/opt/homebrew/Cellar/texlive/20250308_1/share/texmf-dist/tex/latex/lm/omslmsy.fd
File: omslmsy.fd 2015/05/01 v1.6.1 Font defs for Latin Modern
)
LaTeX Font Info:    Trying to load font information for OMX+lmex on input line 32.
 (/opt/homebrew/Cellar/texlive/20250308_1/share/texmf-dist/tex/latex/lm/omxlmex.fd
File: omxlmex.fd 2015/05/01 v1.6.1 Font defs for Latin Modern
)
LaTeX Font Info:    External font `lmex10' loaded for size
(Font)              <12> on input line 32.
LaTeX Font Info:    External font `lmex10' loaded for size
(Font)              <8> on input line 32.
LaTeX Font Info:    External font `lmex10' loaded for size
(Font)              <6> on input line 32.
LaTeX Font Info:    Trying to load font information for U+msa on input line 32.
 (/opt/homebrew/Cellar/texlive/20250308_1/share/texmf-dist/tex/latex/amsfonts/umsa.fd
File: umsa.fd 2013/01/14 v3.01 AMS symbols A
)
LaTeX Font Info:    Trying to load font information for U+msb on input line 32.
 (/opt/homebrew/Cellar/texlive/20250308_1/share/texmf-dist/tex/latex/amsfonts/umsb.fd
File: umsb.fd 2013/01/14 v3.01 AMS symbols B
)

[1

{/opt/homebrew/Cellar/texlive/20250308_1/share/texmf-dist/fonts/map/pdftex/updmap/pdftex.map}{/opt/homebrew/Cellar/texlive/20250308_1/share/texmf-dist/fonts/enc/dvips/lm/lm-ec.enc}{/opt/homebrew/Cellar/texlive/20250308_1/share/texmf-dist/fonts/enc/dvips/lm/lm-ts1.enc}]

[1{/opt/homebrew/Cellar/texlive/20250308_1/share/texmf-dist/fonts/enc/dvips/lm/lm-mathit.enc}{/opt/homebrew/Cellar/texlive/20250308_1/share/texmf-dist/fonts/enc/dvips/lm/lm-rm.enc}{/opt/homebrew/Cellar/texlive/20250308_1/share/texmf-dist/fonts/enc/dvips/lm/lm-mathsy.enc}]

[2]
<../imagen/bobina.png, id=24, 936.49875pt x 1041.8925pt>
File: ../imagen/bobina.png Graphic file (type png)
<use ../imagen/bobina.png>
Package pdftex.def Info: ../imagen/bobina.png  used on input line 160.
(pdftex.def)             Requested size: 136.57462pt x 151.93698pt.


[3]
<../imagen/resistencia.png, id=29, 411.5375pt x 600.2425pt>
File: ../imagen/resistencia.png Graphic file (type png)
<use ../imagen/resistencia.png>
Package pdftex.def Info: ../imagen/resistencia.png  used on input line 167.
(pdftex.def)             Requested size: 136.57462pt x 199.19803pt.
<../imagen/transformador_12_detalle.png, id=30, 659.46375pt x 796.9775pt>
File: ../imagen/transformador_12_detalle.png Graphic file (type png)
<use ../imagen/transformador_12_detalle.png>
Package pdftex.def Info: ../imagen/transformador_12_detalle.png  used on input line 173.
(pdftex.def)             Requested size: 136.57462pt x 165.04749pt.
<../imagen/multimetros.png, id=31, 829.0975pt x 777.90625pt>
File: ../imagen/multimetros.png Graphic file (type png)
<use ../imagen/multimetros.png>
Package pdftex.def Info: ../imagen/multimetros.png  used on input line 180.
(pdftex.def)             Requested size: 136.57462pt x 128.13533pt.


[4 <../imagen/bobina.png> <../imagen/resistencia.png> <../imagen/transformador_12_detalle.png>]
<../imagen/cables_banana.png, id=38, 713.66624pt x 1097.09875pt>
File: ../imagen/cables_banana.png Graphic file (type png)
<use ../imagen/cables_banana.png>
Package pdftex.def Info: ../imagen/cables_banana.png  used on input line 187.
(pdftex.def)             Requested size: 136.57462pt x 209.94081pt.
<../imagen/circuito.png, id=39, 813.0375pt x 1337.99875pt>
File: ../imagen/circuito.png Graphic file (type png)
<use ../imagen/circuito.png>
Package pdftex.def Info: ../imagen/circuito.png  used on input line 194.
(pdftex.def)             Requested size: 182.09486pt x 299.66884pt.


[5 <../imagen/multimetros.png> <../imagen/cables_banana.png>]

[6 <../imagen/circuito.png>]
Underfull \hbox (badness 10000) in alignment at lines 250--250
[][] 
 []



[7]

/Users/tomaspinausig/Desktop/f3/tp4_f3/TP_INFORME/tp4_informe.tex:328: Package siunitx Error: Invalid number 'e'.

For immediate help type H <return>.
 ...                                              
                                                  
l.328     \end{tabularx}
                        

The input 'e' could not be parsed as a number following the format defined in
module documentation.


Runaway argument?
\q_stop \exp_after:wN \__siunitx_table_print_marker:w \l__siunitx_table_tmp_tl \ETC.
/Users/tomaspinausig/Desktop/f3/tp4_f3/TP_INFORME/tp4_informe.tex:328: Forbidden control sequence found while scanning use of \__siunitx_table_color_check:w.
<inserted text> 
                \par 
l.328     \end{tabularx}
                        
I suspect you have forgotten a `}', causing me
to read past where you wanted me to stop.
I'll try to recover; but if the error is serious,
you'd better type `E' or `X' now and fix your file.

/Users/tomaspinausig/Desktop/f3/tp4_f3/TP_INFORME/tp4_informe.tex:328: Missing \endgroup inserted.
<inserted text> 
                \endgroup 
l.328     \end{tabularx}
                        
I've inserted something that you may have forgotten.
(See the <inserted text> above.)
With luck, this will get me unwedged. But if you
really didn't forget anything, try typing `2' now; then
my insertion and my current dilemma will both disappear.


/Users/tomaspinausig/Desktop/f3/tp4_f3/TP_INFORME/tp4_informe.tex:328: Package siunitx Error: Invalid number 'e'.

For immediate help type H <return>.
 ...                                              
                                                  
l.328     \end{tabularx}
                        

The input 'e' could not be parsed as a number following the format defined in
module documentation.


Runaway argument?
\q_stop \exp_after:wN \__siunitx_table_print_marker:w \l__siunitx_table_tmp_tl \ETC.
/Users/tomaspinausig/Desktop/f3/tp4_f3/TP_INFORME/tp4_informe.tex:328: Forbidden control sequence found while scanning use of \__siunitx_table_color_check:w.
<inserted text> 
                \par 
l.328     \end{tabularx}
                        
I suspect you have forgotten a `}', causing me
to read past where you wanted me to stop.
I'll try to recover; but if the error is serious,
you'd better type `E' or `X' now and fix your file.

/Users/tomaspinausig/Desktop/f3/tp4_f3/TP_INFORME/tp4_informe.tex:328: Missing \endgroup inserted.
<inserted text> 
                \endgroup 
l.328     \end{tabularx}
                        
I've inserted something that you may have forgotten.
(See the <inserted text> above.)
With luck, this will get me unwedged. But if you
really didn't forget anything, try typing `2' now; then
my insertion and my current dilemma will both disappear.


/Users/tomaspinausig/Desktop/f3/tp4_f3/TP_INFORME/tp4_informe.tex:328: Package siunitx Error: Invalid number 'e'.

For immediate help type H <return>.
 ...                                              
                                                  
l.328     \end{tabularx}
                        

The input 'e' could not be parsed as a number following the format defined in
module documentation.


Runaway argument?
\q_stop \exp_after:wN \__siunitx_table_print_marker:w \l__siunitx_table_tmp_tl \ETC.
/Users/tomaspinausig/Desktop/f3/tp4_f3/TP_INFORME/tp4_informe.tex:328: Forbidden control sequence found while scanning use of \__siunitx_table_color_check:w.
<inserted text> 
                \par 
l.328     \end{tabularx}
                        
I suspect you have forgotten a `}', causing me
to read past where you wanted me to stop.
I'll try to recover; but if the error is serious,
you'd better type `E' or `X' now and fix your file.

/Users/tomaspinausig/Desktop/f3/tp4_f3/TP_INFORME/tp4_informe.tex:328: Missing \endgroup inserted.
<inserted text> 
                \endgroup 
l.328     \end{tabularx}
                        
I've inserted something that you may have forgotten.
(See the <inserted text> above.)
With luck, this will get me unwedged. But if you
really didn't forget anything, try typing `2' now; then
my insertion and my current dilemma will both disappear.


/Users/tomaspinausig/Desktop/f3/tp4_f3/TP_INFORME/tp4_informe.tex:328: Package siunitx Error: Invalid number 'e'.

For immediate help type H <return>.
 ...                                              
                                                  
l.328     \end{tabularx}
                        

The input 'e' could not be parsed as a number following the format defined in
module documentation.


Runaway argument?
\q_stop \exp_after:wN \__siunitx_table_print_marker:w \l__siunitx_table_tmp_tl \ETC.
/Users/tomaspinausig/Desktop/f3/tp4_f3/TP_INFORME/tp4_informe.tex:328: Forbidden control sequence found while scanning use of \__siunitx_table_color_check:w.
<inserted text> 
                \par 
l.328     \end{tabularx}
                        
I suspect you have forgotten a `}', causing me
to read past where you wanted me to stop.
I'll try to recover; but if the error is serious,
you'd better type `E' or `X' now and fix your file.

/Users/tomaspinausig/Desktop/f3/tp4_f3/TP_INFORME/tp4_informe.tex:328: Missing \endgroup inserted.
<inserted text> 
                \endgroup 
l.328     \end{tabularx}
                        
I've inserted something that you may have forgotten.
(See the <inserted text> above.)
With luck, this will get me unwedged. But if you
really didn't forget anything, try typing `2' now; then
my insertion and my current dilemma will both disappear.


/Users/tomaspinausig/Desktop/f3/tp4_f3/TP_INFORME/tp4_informe.tex:328: Package siunitx Error: Invalid number 'e'.

For immediate help type H <return>.
 ...                                              
                                                  
l.328     \end{tabularx}
                        

The input 'e' could not be parsed as a number following the format defined in
module documentation.


Runaway argument?
\q_stop \exp_after:wN \__siunitx_table_print_marker:w \l__siunitx_table_tmp_tl \ETC.
/Users/tomaspinausig/Desktop/f3/tp4_f3/TP_INFORME/tp4_informe.tex:328: Forbidden control sequence found while scanning use of \__siunitx_table_color_check:w.
<inserted text> 
                \par 
l.328     \end{tabularx}
                        
I suspect you have forgotten a `}', causing me
to read past where you wanted me to stop.
I'll try to recover; but if the error is serious,
you'd better type `E' or `X' now and fix your file.

/Users/tomaspinausig/Desktop/f3/tp4_f3/TP_INFORME/tp4_informe.tex:328: Missing \endgroup inserted.
<inserted text> 
                \endgroup 
l.328     \end{tabularx}
                        
I've inserted something that you may have forgotten.
(See the <inserted text> above.)
With luck, this will get me unwedged. But if you
really didn't forget anything, try typing `2' now; then
my insertion and my current dilemma will both disappear.


/Users/tomaspinausig/Desktop/f3/tp4_f3/TP_INFORME/tp4_informe.tex:328: Package siunitx Error: Invalid number 'e'.

For immediate help type H <return>.
 ...                                              
                                                  
l.328     \end{tabularx}
                        

The input 'e' could not be parsed as a number following the format defined in
module documentation.


Runaway argument?
\q_stop \exp_after:wN \__siunitx_table_print_marker:w \l__siunitx_table_tmp_tl \ETC.
/Users/tomaspinausig/Desktop/f3/tp4_f3/TP_INFORME/tp4_informe.tex:328: Forbidden control sequence found while scanning use of \__siunitx_table_color_check:w.
<inserted text> 
                \par 
l.328     \end{tabularx}
                        
I suspect you have forgotten a `}', causing me
to read past where you wanted me to stop.
I'll try to recover; but if the error is serious,
you'd better type `E' or `X' now and fix your file.

/Users/tomaspinausig/Desktop/f3/tp4_f3/TP_INFORME/tp4_informe.tex:328: Missing \endgroup inserted.
<inserted text> 
                \endgroup 
l.328     \end{tabularx}
                        
I've inserted something that you may have forgotten.
(See the <inserted text> above.)
With luck, this will get me unwedged. But if you
really didn't forget anything, try typing `2' now; then
my insertion and my current dilemma will both disappear.


/Users/tomaspinausig/Desktop/f3/tp4_f3/TP_INFORME/tp4_informe.tex:328: Package siunitx Error: Invalid number 'e'.

For immediate help type H <return>.
 ...                                              
                                                  
l.328     \end{tabularx}
                        

The input 'e' could not be parsed as a number following the format defined in
module documentation.


Runaway argument?
\q_stop \exp_after:wN \__siunitx_table_print_marker:w \l__siunitx_table_tmp_tl \ETC.
/Users/tomaspinausig/Desktop/f3/tp4_f3/TP_INFORME/tp4_informe.tex:328: Forbidden control sequence found while scanning use of \__siunitx_table_color_check:w.
<inserted text> 
                \par 
l.328     \end{tabularx}
                        
I suspect you have forgotten a `}', causing me
to read past where you wanted me to stop.
I'll try to recover; but if the error is serious,
you'd better type `E' or `X' now and fix your file.

/Users/tomaspinausig/Desktop/f3/tp4_f3/TP_INFORME/tp4_informe.tex:328: Missing \endgroup inserted.
<inserted text> 
                \endgroup 
l.328     \end{tabularx}
                        
I've inserted something that you may have forgotten.
(See the <inserted text> above.)
With luck, this will get me unwedged. But if you
really didn't forget anything, try typing `2' now; then
my insertion and my current dilemma will both disappear.


/Users/tomaspinausig/Desktop/f3/tp4_f3/TP_INFORME/tp4_informe.tex:328: Package siunitx Error: Invalid number 'e'.

For immediate help type H <return>.
 ...                                              
                                                  
l.328     \end{tabularx}
                        

The input 'e' could not be parsed as a number following the format defined in
module documentation.


Runaway argument?
\q_stop \exp_after:wN \__siunitx_table_print_marker:w \l__siunitx_table_tmp_tl \ETC.
/Users/tomaspinausig/Desktop/f3/tp4_f3/TP_INFORME/tp4_informe.tex:328: Forbidden control sequence found while scanning use of \__siunitx_table_color_check:w.
<inserted text> 
                \par 
l.328     \end{tabularx}
                        
I suspect you have forgotten a `}', causing me
to read past where you wanted me to stop.
I'll try to recover; but if the error is serious,
you'd better type `E' or `X' now and fix your file.

/Users/tomaspinausig/Desktop/f3/tp4_f3/TP_INFORME/tp4_informe.tex:328: Missing \endgroup inserted.
<inserted text> 
                \endgroup 
l.328     \end{tabularx}
                        
I've inserted something that you may have forgotten.
(See the <inserted text> above.)
With luck, this will get me unwedged. But if you
really didn't forget anything, try typing `2' now; then
my insertion and my current dilemma will both disappear.


/Users/tomaspinausig/Desktop/f3/tp4_f3/TP_INFORME/tp4_informe.tex:328: Package siunitx Error: Invalid number 'e'.

For immediate help type H <return>.
 ...                                              
                                                  
l.328     \end{tabularx}
                        

The input 'e' could not be parsed as a number following the format defined in
module documentation.


Runaway argument?
\q_stop \exp_after:wN \__siunitx_table_print_marker:w \l__siunitx_table_tmp_tl \ETC.
/Users/tomaspinausig/Desktop/f3/tp4_f3/TP_INFORME/tp4_informe.tex:328: Forbidden control sequence found while scanning use of \__siunitx_table_color_check:w.
<inserted text> 
                \par 
l.328     \end{tabularx}
                        
I suspect you have forgotten a `}', causing me
to read past where you wanted me to stop.
I'll try to recover; but if the error is serious,
you'd better type `E' or `X' now and fix your file.

/Users/tomaspinausig/Desktop/f3/tp4_f3/TP_INFORME/tp4_informe.tex:328: Missing \endgroup inserted.
<inserted text> 
                \endgroup 
l.328     \end{tabularx}
                        
I've inserted something that you may have forgotten.
(See the <inserted text> above.)
With luck, this will get me unwedged. But if you
really didn't forget anything, try typing `2' now; then
my insertion and my current dilemma will both disappear.


/Users/tomaspinausig/Desktop/f3/tp4_f3/TP_INFORME/tp4_informe.tex:328: Package siunitx Error: Invalid number 'e'.

For immediate help type H <return>.
 ...                                              
                                                  
l.328     \end{tabularx}
                        

The input 'e' could not be parsed as a number following the format defined in
module documentation.


Runaway argument?
\q_stop \exp_after:wN \__siunitx_table_print_marker:w \l__siunitx_table_tmp_tl \ETC.
/Users/tomaspinausig/Desktop/f3/tp4_f3/TP_INFORME/tp4_informe.tex:328: Forbidden control sequence found while scanning use of \__siunitx_table_color_check:w.
<inserted text> 
                \par 
l.328     \end{tabularx}
                        
I suspect you have forgotten a `}', causing me
to read past where you wanted me to stop.
I'll try to recover; but if the error is serious,
you'd better type `E' or `X' now and fix your file.

/Users/tomaspinausig/Desktop/f3/tp4_f3/TP_INFORME/tp4_informe.tex:328: Missing \endgroup inserted.
<inserted text> 
                \endgroup 
l.328     \end{tabularx}
                        
I've inserted something that you may have forgotten.
(See the <inserted text> above.)
With luck, this will get me unwedged. But if you
really didn't forget anything, try typing `2' now; then
my insertion and my current dilemma will both disappear.


/Users/tomaspinausig/Desktop/f3/tp4_f3/TP_INFORME/tp4_informe.tex:328: Package siunitx Error: Invalid number 'e'.

For immediate help type H <return>.
 ...                                              
                                                  
l.328     \end{tabularx}
                        

The input 'e' could not be parsed as a number following the format defined in
module documentation.


Runaway argument?
\q_stop \exp_after:wN \__siunitx_table_print_marker:w \l__siunitx_table_tmp_tl \ETC.
/Users/tomaspinausig/Desktop/f3/tp4_f3/TP_INFORME/tp4_informe.tex:328: Forbidden control sequence found while scanning use of \__siunitx_table_color_check:w.
<inserted text> 
                \par 
l.328     \end{tabularx}
                        
I suspect you have forgotten a `}', causing me
to read past where you wanted me to stop.
I'll try to recover; but if the error is serious,
you'd better type `E' or `X' now and fix your file.

/Users/tomaspinausig/Desktop/f3/tp4_f3/TP_INFORME/tp4_informe.tex:328: Missing \endgroup inserted.
<inserted text> 
                \endgroup 
l.328     \end{tabularx}
                        
I've inserted something that you may have forgotten.
(See the <inserted text> above.)
With luck, this will get me unwedged. But if you
really didn't forget anything, try typing `2' now; then
my insertion and my current dilemma will both disappear.


/Users/tomaspinausig/Desktop/f3/tp4_f3/TP_INFORME/tp4_informe.tex:328: Package siunitx Error: Invalid number 'e'.

For immediate help type H <return>.
 ...                                              
                                                  
l.328     \end{tabularx}
                        

The input 'e' could not be parsed as a number following the format defined in
module documentation.


Runaway argument?
\q_stop \exp_after:wN \__siunitx_table_print_marker:w \l__siunitx_table_tmp_tl \ETC.
/Users/tomaspinausig/Desktop/f3/tp4_f3/TP_INFORME/tp4_informe.tex:328: Forbidden control sequence found while scanning use of \__siunitx_table_color_check:w.
<inserted text> 
                \par 
l.328     \end{tabularx}
                        
I suspect you have forgotten a `}', causing me
to read past where you wanted me to stop.
I'll try to recover; but if the error is serious,
you'd better type `E' or `X' now and fix your file.

/Users/tomaspinausig/Desktop/f3/tp4_f3/TP_INFORME/tp4_informe.tex:328: Missing \endgroup inserted.
<inserted text> 
                \endgroup 
l.328     \end{tabularx}
                        
I've inserted something that you may have forgotten.
(See the <inserted text> above.)
With luck, this will get me unwedged. But if you
really didn't forget anything, try typing `2' now; then
my insertion and my current dilemma will both disappear.


/Users/tomaspinausig/Desktop/f3/tp4_f3/TP_INFORME/tp4_informe.tex:328: Package siunitx Error: Invalid number 'e'.

For immediate help type H <return>.
 ...                                              
                                                  
l.328     \end{tabularx}
                        

The input 'e' could not be parsed as a number following the format defined in
module documentation.


Runaway argument?
\q_stop \exp_after:wN \__siunitx_table_print_marker:w \l__siunitx_table_tmp_tl \ETC.
/Users/tomaspinausig/Desktop/f3/tp4_f3/TP_INFORME/tp4_informe.tex:328: Forbidden control sequence found while scanning use of \__siunitx_table_color_check:w.
<inserted text> 
                \par 
l.328     \end{tabularx}
                        
I suspect you have forgotten a `}', causing me
to read past where you wanted me to stop.
I'll try to recover; but if the error is serious,
you'd better type `E' or `X' now and fix your file.

/Users/tomaspinausig/Desktop/f3/tp4_f3/TP_INFORME/tp4_informe.tex:328: Missing \endgroup inserted.
<inserted text> 
                \endgroup 
l.328     \end{tabularx}
                        
I've inserted something that you may have forgotten.
(See the <inserted text> above.)
With luck, this will get me unwedged. But if you
really didn't forget anything, try typing `2' now; then
my insertion and my current dilemma will both disappear.


/Users/tomaspinausig/Desktop/f3/tp4_f3/TP_INFORME/tp4_informe.tex:328: Package siunitx Error: Invalid number 'e'.

For immediate help type H <return>.
 ...                                              
                                                  
l.328     \end{tabularx}
                        

The input 'e' could not be parsed as a number following the format defined in
module documentation.


Runaway argument?
\q_stop \exp_after:wN \__siunitx_table_print_marker:w \l__siunitx_table_tmp_tl \ETC.
/Users/tomaspinausig/Desktop/f3/tp4_f3/TP_INFORME/tp4_informe.tex:328: Forbidden control sequence found while scanning use of \__siunitx_table_color_check:w.
<inserted text> 
                \par 
l.328     \end{tabularx}
                        
I suspect you have forgotten a `}', causing me
to read past where you wanted me to stop.
I'll try to recover; but if the error is serious,
you'd better type `E' or `X' now and fix your file.

/Users/tomaspinausig/Desktop/f3/tp4_f3/TP_INFORME/tp4_informe.tex:328: Missing \endgroup inserted.
<inserted text> 
                \endgroup 
l.328     \end{tabularx}
                        
I've inserted something that you may have forgotten.
(See the <inserted text> above.)
With luck, this will get me unwedged. But if you
really didn't forget anything, try typing `2' now; then
my insertion and my current dilemma will both disappear.


/Users/tomaspinausig/Desktop/f3/tp4_f3/TP_INFORME/tp4_informe.tex:328: Package siunitx Error: Invalid number 'e'.

For immediate help type H <return>.
 ...                                              
                                                  
l.328     \end{tabularx}
                        

The input 'e' could not be parsed as a number following the format defined in
module documentation.


Runaway argument?
\q_stop \exp_after:wN \__siunitx_table_print_marker:w \l__siunitx_table_tmp_tl \ETC.
/Users/tomaspinausig/Desktop/f3/tp4_f3/TP_INFORME/tp4_informe.tex:328: Forbidden control sequence found while scanning use of \__siunitx_table_color_check:w.
<inserted text> 
                \par 
l.328     \end{tabularx}
                        
I suspect you have forgotten a `}', causing me
to read past where you wanted me to stop.
I'll try to recover; but if the error is serious,
you'd better type `E' or `X' now and fix your file.

/Users/tomaspinausig/Desktop/f3/tp4_f3/TP_INFORME/tp4_informe.tex:328: Missing \endgroup inserted.
<inserted text> 
                \endgroup 
l.328     \end{tabularx}
                        
I've inserted something that you may have forgotten.
(See the <inserted text> above.)
With luck, this will get me unwedged. But if you
really didn't forget anything, try typing `2' now; then
my insertion and my current dilemma will both disappear.


/Users/tomaspinausig/Desktop/f3/tp4_f3/TP_INFORME/tp4_informe.tex:328: Package siunitx Error: Invalid number 'e'.

For immediate help type H <return>.
 ...                                              
                                                  
l.328     \end{tabularx}
                        

The input 'e' could not be parsed as a number following the format defined in
module documentation.


Runaway argument?
\q_stop \exp_after:wN \__siunitx_table_print_marker:w \l__siunitx_table_tmp_tl \ETC.
/Users/tomaspinausig/Desktop/f3/tp4_f3/TP_INFORME/tp4_informe.tex:328: Forbidden control sequence found while scanning use of \__siunitx_table_color_check:w.
<inserted text> 
                \par 
l.328     \end{tabularx}
                        
I suspect you have forgotten a `}', causing me
to read past where you wanted me to stop.
I'll try to recover; but if the error is serious,
you'd better type `E' or `X' now and fix your file.

/Users/tomaspinausig/Desktop/f3/tp4_f3/TP_INFORME/tp4_informe.tex:328: Missing \endgroup inserted.
<inserted text> 
                \endgroup 
l.328     \end{tabularx}
                        
I've inserted something that you may have forgotten.
(See the <inserted text> above.)
With luck, this will get me unwedged. But if you
really didn't forget anything, try typing `2' now; then
my insertion and my current dilemma will both disappear.


/Users/tomaspinausig/Desktop/f3/tp4_f3/TP_INFORME/tp4_informe.tex:328: Package siunitx Error: Invalid number 'e'.

For immediate help type H <return>.
 ...                                              
                                                  
l.328     \end{tabularx}
                        

The input 'e' could not be parsed as a number following the format defined in
module documentation.


Runaway argument?
\q_stop \exp_after:wN \__siunitx_table_print_marker:w \l__siunitx_table_tmp_tl \ETC.
/Users/tomaspinausig/Desktop/f3/tp4_f3/TP_INFORME/tp4_informe.tex:328: Forbidden control sequence found while scanning use of \__siunitx_table_color_check:w.
<inserted text> 
                \par 
l.328     \end{tabularx}
                        
I suspect you have forgotten a `}', causing me
to read past where you wanted me to stop.
I'll try to recover; but if the error is serious,
you'd better type `E' or `X' now and fix your file.

/Users/tomaspinausig/Desktop/f3/tp4_f3/TP_INFORME/tp4_informe.tex:328: Missing \endgroup inserted.
<inserted text> 
                \endgroup 
l.328     \end{tabularx}
                        
I've inserted something that you may have forgotten.
(See the <inserted text> above.)
With luck, this will get me unwedged. But if you
really didn't forget anything, try typing `2' now; then
my insertion and my current dilemma will both disappear.


/Users/tomaspinausig/Desktop/f3/tp4_f3/TP_INFORME/tp4_informe.tex:328: Package siunitx Error: Invalid number 'e'.

For immediate help type H <return>.
 ...                                              
                                                  
l.328     \end{tabularx}
                        

The input 'e' could not be parsed as a number following the format defined in
module documentation.


Runaway argument?
\q_stop \exp_after:wN \__siunitx_table_print_marker:w \l__siunitx_table_tmp_tl \ETC.
/Users/tomaspinausig/Desktop/f3/tp4_f3/TP_INFORME/tp4_informe.tex:328: Forbidden control sequence found while scanning use of \__siunitx_table_color_check:w.
<inserted text> 
                \par 
l.328     \end{tabularx}
                        
I suspect you have forgotten a `}', causing me
to read past where you wanted me to stop.
I'll try to recover; but if the error is serious,
you'd better type `E' or `X' now and fix your file.

/Users/tomaspinausig/Desktop/f3/tp4_f3/TP_INFORME/tp4_informe.tex:328: Missing \endgroup inserted.
<inserted text> 
                \endgroup 
l.328     \end{tabularx}
                        
I've inserted something that you may have forgotten.
(See the <inserted text> above.)
With luck, this will get me unwedged. But if you
really didn't forget anything, try typing `2' now; then
my insertion and my current dilemma will both disappear.


/Users/tomaspinausig/Desktop/f3/tp4_f3/TP_INFORME/tp4_informe.tex:328: Package siunitx Error: Invalid number 'e'.

For immediate help type H <return>.
 ...                                              
                                                  
l.328     \end{tabularx}
                        

The input 'e' could not be parsed as a number following the format defined in
module documentation.


Runaway argument?
\q_stop \exp_after:wN \__siunitx_table_print_marker:w \l__siunitx_table_tmp_tl \ETC.
/Users/tomaspinausig/Desktop/f3/tp4_f3/TP_INFORME/tp4_informe.tex:328: Forbidden control sequence found while scanning use of \__siunitx_table_color_check:w.
<inserted text> 
                \par 
l.328     \end{tabularx}
                        
I suspect you have forgotten a `}', causing me
to read past where you wanted me to stop.
I'll try to recover; but if the error is serious,
you'd better type `E' or `X' now and fix your file.

/Users/tomaspinausig/Desktop/f3/tp4_f3/TP_INFORME/tp4_informe.tex:328: Missing \endgroup inserted.
<inserted text> 
                \endgroup 
l.328     \end{tabularx}
                        
I've inserted something that you may have forgotten.
(See the <inserted text> above.)
With luck, this will get me unwedged. But if you
really didn't forget anything, try typing `2' now; then
my insertion and my current dilemma will both disappear.


/Users/tomaspinausig/Desktop/f3/tp4_f3/TP_INFORME/tp4_informe.tex:328: Package siunitx Error: Invalid number 'e'.

For immediate help type H <return>.
 ...                                              
                                                  
l.328     \end{tabularx}
                        

The input 'e' could not be parsed as a number following the format defined in
module documentation.


Runaway argument?
\q_stop \exp_after:wN \__siunitx_table_print_marker:w \l__siunitx_table_tmp_tl \ETC.
/Users/tomaspinausig/Desktop/f3/tp4_f3/TP_INFORME/tp4_informe.tex:328: Forbidden control sequence found while scanning use of \__siunitx_table_color_check:w.
<inserted text> 
                \par 
l.328     \end{tabularx}
                        
I suspect you have forgotten a `}', causing me
to read past where you wanted me to stop.
I'll try to recover; but if the error is serious,
you'd better type `E' or `X' now and fix your file.

/Users/tomaspinausig/Desktop/f3/tp4_f3/TP_INFORME/tp4_informe.tex:328: Missing \endgroup inserted.
<inserted text> 
                \endgroup 
l.328     \end{tabularx}
                        
I've inserted something that you may have forgotten.
(See the <inserted text> above.)
With luck, this will get me unwedged. But if you
really didn't forget anything, try typing `2' now; then
my insertion and my current dilemma will both disappear.


/Users/tomaspinausig/Desktop/f3/tp4_f3/TP_INFORME/tp4_informe.tex:328: Package siunitx Error: Invalid number 'e'.

For immediate help type H <return>.
 ...                                              
                                                  
l.328     \end{tabularx}
                        

The input 'e' could not be parsed as a number following the format defined in
module documentation.


Runaway argument?
\q_stop \exp_after:wN \__siunitx_table_print_marker:w \l__siunitx_table_tmp_tl \ETC.
/Users/tomaspinausig/Desktop/f3/tp4_f3/TP_INFORME/tp4_informe.tex:328: Forbidden control sequence found while scanning use of \__siunitx_table_color_check:w.
<inserted text> 
                \par 
l.328     \end{tabularx}
                        
I suspect you have forgotten a `}', causing me
to read past where you wanted me to stop.
I'll try to recover; but if the error is serious,
you'd better type `E' or `X' now and fix your file.

/Users/tomaspinausig/Desktop/f3/tp4_f3/TP_INFORME/tp4_informe.tex:328: Missing \endgroup inserted.
<inserted text> 
                \endgroup 
l.328     \end{tabularx}
                        
I've inserted something that you may have forgotten.
(See the <inserted text> above.)
With luck, this will get me unwedged. But if you
really didn't forget anything, try typing `2' now; then
my insertion and my current dilemma will both disappear.


/Users/tomaspinausig/Desktop/f3/tp4_f3/TP_INFORME/tp4_informe.tex:328: Package siunitx Error: Invalid number 'e'.

For immediate help type H <return>.
 ...                                              
                                                  
l.328     \end{tabularx}
                        

The input 'e' could not be parsed as a number following the format defined in
module documentation.


Runaway argument?
\q_stop \exp_after:wN \__siunitx_table_print_marker:w \l__siunitx_table_tmp_tl \ETC.
/Users/tomaspinausig/Desktop/f3/tp4_f3/TP_INFORME/tp4_informe.tex:328: Forbidden control sequence found while scanning use of \__siunitx_table_color_check:w.
<inserted text> 
                \par 
l.328     \end{tabularx}
                        
I suspect you have forgotten a `}', causing me
to read past where you wanted me to stop.
I'll try to recover; but if the error is serious,
you'd better type `E' or `X' now and fix your file.

/Users/tomaspinausig/Desktop/f3/tp4_f3/TP_INFORME/tp4_informe.tex:328: Missing \endgroup inserted.
<inserted text> 
                \endgroup 
l.328     \end{tabularx}
                        
I've inserted something that you may have forgotten.
(See the <inserted text> above.)
With luck, this will get me unwedged. But if you
really didn't forget anything, try typing `2' now; then
my insertion and my current dilemma will both disappear.


Underfull \hbox (badness 10000) in alignment at lines 328--328
[][][][][] 
 []


LaTeX Warning: `h' float specifier changed to `ht'.

/Users/tomaspinausig/Desktop/f3/tp4_f3/TP_INFORME/tp4_informe.tex:339: Undefined control sequence.
<argument> \volt \ampere \reactive 
                                   
l.339 \end{align*}
                  
The control sequence at the end of the top line
of your error message was never \def'ed. If you have
misspelled it (e.g., `\hobx'), type `I' and the correct
spelling (e.g., `I\hbox'). Otherwise just continue,
and I'll forget about whatever was undefined.

/Users/tomaspinausig/Desktop/f3/tp4_f3/TP_INFORME/tp4_informe.tex:339: Undefined control sequence.
<argument> \volt \ampere \reactive 
                                   
l.339 \end{align*}
                  
The control sequence at the end of the top line
of your error message was never \def'ed. If you have
misspelled it (e.g., `\hobx'), type `I' and the correct
spelling (e.g., `I\hbox'). Otherwise just continue,
and I'll forget about whatever was undefined.

/Users/tomaspinausig/Desktop/f3/tp4_f3/TP_INFORME/tp4_informe.tex:339: Undefined control sequence.
<argument> \volt \ampere \reactive 
                                   
l.339 \end{align*}
                  
The control sequence at the end of the top line
of your error message was never \def'ed. If you have
misspelled it (e.g., `\hobx'), type `I' and the correct
spelling (e.g., `I\hbox'). Otherwise just continue,
and I'll forget about whatever was undefined.

/Users/tomaspinausig/Desktop/f3/tp4_f3/TP_INFORME/tp4_informe.tex:339: Undefined control sequence.
<argument> \volt \ampere \reactive 
                                   
l.339 \end{align*}
                  
The control sequence at the end of the top line
of your error message was never \def'ed. If you have
misspelled it (e.g., `\hobx'), type `I' and the correct
spelling (e.g., `I\hbox'). Otherwise just continue,
and I'll forget about whatever was undefined.

/Users/tomaspinausig/Desktop/f3/tp4_f3/TP_INFORME/tp4_informe.tex:348: Undefined control sequence.
<argument> \volt \ampere \reactive 
                                   
l.348 \end{align*}
                  
The control sequence at the end of the top line
of your error message was never \def'ed. If you have
misspelled it (e.g., `\hobx'), type `I' and the correct
spelling (e.g., `I\hbox'). Otherwise just continue,
and I'll forget about whatever was undefined.

/Users/tomaspinausig/Desktop/f3/tp4_f3/TP_INFORME/tp4_informe.tex:348: Undefined control sequence.
<argument> \volt \ampere \reactive 
                                   
l.348 \end{align*}
                  
The control sequence at the end of the top line
of your error message was never \def'ed. If you have
misspelled it (e.g., `\hobx'), type `I' and the correct
spelling (e.g., `I\hbox'). Otherwise just continue,
and I'll forget about whatever was undefined.

/Users/tomaspinausig/Desktop/f3/tp4_f3/TP_INFORME/tp4_informe.tex:348: Undefined control sequence.
<argument> \volt \ampere \reactive 
                                   
l.348 \end{align*}
                  
The control sequence at the end of the top line
of your error message was never \def'ed. If you have
misspelled it (e.g., `\hobx'), type `I' and the correct
spelling (e.g., `I\hbox'). Otherwise just continue,
and I'll forget about whatever was undefined.

/Users/tomaspinausig/Desktop/f3/tp4_f3/TP_INFORME/tp4_informe.tex:348: Undefined control sequence.
<argument> \volt \ampere \reactive 
                                   
l.348 \end{align*}
                  
The control sequence at the end of the top line
of your error message was never \def'ed. If you have
misspelled it (e.g., `\hobx'), type `I' and the correct
spelling (e.g., `I\hbox'). Otherwise just continue,
and I'll forget about whatever was undefined.



[8]

LaTeX Warning: Reference `fig:fasores' on page 9 undefined on input line 360.

<../imagen/diagrama_fasores.png, id=57, 714.9912pt x 556.7199pt>
File: ../imagen/diagrama_fasores.png Graphic file (type png)
<use ../imagen/diagrama_fasores.png>
Package pdftex.def Info: ../imagen/diagrama_fasores.png  used on input line 364.
(pdftex.def)             Requested size: 386.96027pt x 301.30385pt.


[9]

[10 <../imagen/diagrama_fasores.png>]

[11] (./tp4_informe.aux
LaTeX Info: Redefining \. on input line 8.
LaTeX Info: Redefining \% on input line 8.
)
 ***********
LaTeX2e <2024-11-01> patch level 2
L3 programming layer <2025-01-18>
 ***********


LaTeX Warning: There were undefined references.


LaTeX Warning: Label(s) may have changed. Rerun to get cross-references right.

 ) 
Here is how much of TeX's memory you used:
 10049 strings out of 473190
 220952 string characters out of 5704335
 602396 words of memory out of 5000000
 33182 multiletter control sequences out of 15000+600000
 602276 words of font info for 68 fonts, out of 8000000 for 9000
 1141 hyphenation exceptions out of 8191
 73i,13n,80p,857b,827s stack positions out of 10000i,1000n,20000p,200000b,200000s
</opt/homebrew/Cellar/texlive/20250308_1/share/texmf-dist/fonts/type1/public/lm/lmbx12.pfb></opt/homebrew/Cellar/texlive/20250308_1/share/texmf-dist/fonts/type1/public/lm/lmmi12.pfb></opt/homebrew/Cellar/texlive/20250308_1/share/texmf-dist/fonts/type1/public/lm/lmmi8.pfb></opt/homebrew/Cellar/texlive/20250308_1/share/texmf-dist/fonts/type1/public/lm/lmr12.pfb></opt/homebrew/Cellar/texlive/20250308_1/share/texmf-dist/fonts/type1/public/lm/lmr8.pfb></opt/homebrew/Cellar/texlive/20250308_1/share/texmf-dist/fonts/type1/public/lm/lmri12.pfb></opt/homebrew/Cellar/texlive/20250308_1/share/texmf-dist/fonts/type1/public/lm/lmsy10.pfb></opt/homebrew/Cellar/texlive/20250308_1/share/texmf-dist/fonts/type1/public/lm/lmsy8.pfb></opt/homebrew/Cellar/texlive/20250308_1/share/texmf-dist/fonts/type1/public/amsfonts/symbols/msam10.pfb>
Output written on tp4_informe.pdf (12 pages, 8134333 bytes).
PDF statistics:
 120 PDF objects out of 1000 (max. 8388607)
 69 compressed objects within 1 object stream
 0 named destinations out of 1000 (max. 500000)
 36 words of extra memory for PDF output out of 10000 (max. 10000000)

